Determining if the pthread_create exist failed with the following output:
Change Dir: /home/particle/Particle-Viewer/build/CMakeFiles/CMakeTmp

Run Build Command:/usr/bin/gmake "cmTryCompileExec2494944330/fast"
/usr/bin/gmake -f CMakeFiles/cmTryCompileExec2494944330.dir/build.make CMakeFiles/cmTryCompileExec2494944330.dir/build
gmake[1]: Entering directory `/home/particle/Particle-Viewer/build/CMakeFiles/CMakeTmp'
/usr/bin/cmake -E cmake_progress_report /home/particle/Particle-Viewer/build/CMakeFiles/CMakeTmp/CMakeFiles 1
Building C object CMakeFiles/cmTryCompileExec2494944330.dir/CheckSymbolExists.c.o
/usr/bin/cc    -o CMakeFiles/cmTryCompileExec2494944330.dir/CheckSymbolExists.c.o   -c /home/particle/Particle-Viewer/build/CMakeFiles/CMakeTmp/CheckSymbolExists.c
Linking C executable cmTryCompileExec2494944330
/usr/bin/cmake -E cmake_link_script CMakeFiles/cmTryCompileExec2494944330.dir/link.txt --verbose=1
/usr/bin/cc         CMakeFiles/cmTryCompileExec2494944330.dir/CheckSymbolExists.c.o  -o cmTryCompileExec2494944330 -rdynamic 
CMakeFiles/cmTryCompileExec2494944330.dir/CheckSymbolExists.c.o: In function `main':
CheckSymbolExists.c:(.text+0x16): undefined reference to `pthread_create'
collect2: error: ld returned 1 exit status
gmake[1]: *** [cmTryCompileExec2494944330] Error 1
gmake[1]: Leaving directory `/home/particle/Particle-Viewer/build/CMakeFiles/CMakeTmp'
gmake: *** [cmTryCompileExec2494944330/fast] Error 2

File /home/particle/Particle-Viewer/build/CMakeFiles/CMakeTmp/CheckSymbolExists.c:
/* */
#include <pthread.h>

int main(int argc, char** argv)
{
  (void)argv;
#ifndef pthread_create
  return ((int*)(&pthread_create))[argc];
#else
  (void)argc;
  return 0;
#endif
}

Determining if the function pthread_create exists in the pthreads failed with the following output:
Change Dir: /home/particle/Particle-Viewer/build/CMakeFiles/CMakeTmp

Run Build Command:/usr/bin/gmake "cmTryCompileExec1256855776/fast"
/usr/bin/gmake -f CMakeFiles/cmTryCompileExec1256855776.dir/build.make CMakeFiles/cmTryCompileExec1256855776.dir/build
gmake[1]: Entering directory `/home/particle/Particle-Viewer/build/CMakeFiles/CMakeTmp'
/usr/bin/cmake -E cmake_progress_report /home/particle/Particle-Viewer/build/CMakeFiles/CMakeTmp/CMakeFiles 1
Building C object CMakeFiles/cmTryCompileExec1256855776.dir/CheckFunctionExists.c.o
/usr/bin/cc   -DCHECK_FUNCTION_EXISTS=pthread_create   -o CMakeFiles/cmTryCompileExec1256855776.dir/CheckFunctionExists.c.o   -c /usr/share/cmake/Modules/CheckFunctionExists.c
Linking C executable cmTryCompileExec1256855776
/usr/bin/cmake -E cmake_link_script CMakeFiles/cmTryCompileExec1256855776.dir/link.txt --verbose=1
/usr/bin/cc     -DCHECK_FUNCTION_EXISTS=pthread_create    CMakeFiles/cmTryCompileExec1256855776.dir/CheckFunctionExists.c.o  -o cmTryCompileExec1256855776 -rdynamic -lpthreads 
/usr/bin/ld: cannot find -lpthreads
collect2: error: ld returned 1 exit status
gmake[1]: *** [cmTryCompileExec1256855776] Error 1
gmake[1]: Leaving directory `/home/particle/Particle-Viewer/build/CMakeFiles/CMakeTmp'
gmake: *** [cmTryCompileExec1256855776/fast] Error 2


